<?xml version="1.0" encoding="UTF-8"?>
<testsuite xmlns:xsi="http://www.w3.org/2001/XMLSchema-instance" xsi:noNamespaceSchemaLocation="https://maven.apache.org/surefire/maven-surefire-plugin/xsd/surefire-test-report.xsd" name="com.photos.amy.albrecht.junit.TestUserServices" time="0.083" tests="1" errors="1" skipped="0" failures="0">
  <properties>
[...]
</properties>
  <testcase name="com.photos.amy.albrecht.junit.TestUserServices" classname="com.photos.amy.albrecht.junit.TestUserServices" time="0.082">
    <error message="Cannot invoke &quot;org.springframework.core.env.Environment.getRequiredProperty(String)&quot; because &quot;this.environment&quot; is null" type="java.lang.NullPointerException">java.lang.NullPointerException: Cannot invoke "org.springframework.core.env.Environment.getRequiredProperty(String)" because "this.environment" is null
	at com.photos.amy.albrecht.junit.TestUserServices.setUp(TestUserServices.java:40)
</error>
    <system-out><![CDATA[Before All Method
]]></system-out>
    <system-err><![CDATA[SLF4J: Failed to load class "org.slf4j.impl.StaticLoggerBinder".
SLF4J: Defaulting to no-operation (NOP) logger implementation
SLF4J: See http://www.slf4j.org/codes.html#StaticLoggerBinder for further details.
]]></system-err>
  </testcase>
</testsuite>